#
# A fatal error has been detected by the Java Runtime Environment:
#
#  EXCEPTION_ACCESS_VIOLATION (0xc0000005) at pc=0x00000000, pid=3480, tid=2880
#
# JRE version: 6.0_21-b07
# Java VM: Java HotSpot(TM) Client VM (17.0-b17 mixed mode, sharing windows-x86 )
# Problematic frame:
# C  0x00000000
#
# If you would like to submit a bug report, please visit:
#   http://java.sun.com/webapps/bugreport/crash.jsp
# The crash happened outside the Java Virtual Machine in native code.
# See problematic frame for where to report the bug.
#

---------------  T H R E A D  ---------------

Current thread (0x02bf7400):  JavaThread "AWT-Windows" daemon [_thread_in_native, id=2880, stack(0x02ff0000,0x03040000)]

siginfo: ExceptionCode=0xc0000005, reading address 0x00000000

Registers:
EAX=0x0303e664, EBX=0x7c81127a, ECX=0x03630128, EDX=0x03630470
ESP=0x0303e2e8, EBP=0x00000000, ESI=0x03626140, EDI=0x0000002b
EIP=0x00000000, EFLAGS=0x00010206

Top of Stack: (sp=0x0303e2e8)
0x0303e2e8:   6d11eba9 0303e664 03626140 6d1265f3
0x0303e2f8:   00000000 0303e664 0303e3d0 0063019a
0x0303e308:   0303e368 00000000 00000001 77d188da
0x0303e318:   00000000 02bf7518 00000000 0303e318
0x0303e328:   6d11d6a0 0303e35c 0303e35c 6d16eb48
0x0303e338:   00000000 6d11d6fb 0000002b 00000000
0x0303e348:   0303e664 0303e3d0 6d11d6a0 00000000
0x0303e358:   0303e34c 0303e3ec 6d16e8b0 00000000 

Instructions: (pc=0x00000000)
0xfffffff0:   


Stack: [0x02ff0000,0x03040000],  sp=0x0303e2e8,  free space=1380303de1ck
Java frames: (J=compiled Java code, j=interpreted, Vv=VM code)
j  sun.awt.windows.WToolkit.eventLoop()V+0
j  sun.awt.windows.WToolkit.run()V+52
j  java.lang.Thread.run()V+11
v  ~StubRoutines::call_stub

---------------  P R O C E S S  ---------------

Java Threads: ( => current thread )
  0x02be8c00 JavaThread "Thread-1" daemon [_thread_in_native, id=3720, stack(0x0e8a0000,0x0e8f0000)]
  0x00846c00 JavaThread "DestroyJavaVM" [_thread_blocked, id=3448, stack(0x008e0000,0x00930000)]
  0x036d7800 JavaThread "Java Sound Sequencer" [_thread_blocked, id=3472, stack(0x0e800000,0x0e850000)]
  0x036d4000 JavaThread "Headspace mixer frame proc thread" daemon [_thread_blocked, id=616, stack(0x0e100000,0x0e150000)]
  0x036ce400 JavaThread "Java Sound Event Dispatcher" daemon [_thread_blocked, id=3412, stack(0x0e0b0000,0x0e100000)]
  0x036cb800 JavaThread "Java Sound Event Dispatcher" daemon [_thread_blocked, id=4064, stack(0x0e060000,0x0e0b0000)]
  0x03624c00 JavaThread "AWT-EventQueue-0" [_thread_blocked, id=2840, stack(0x03800000,0x03850000)]
=>0x02bf7400 JavaThread "AWT-Windows" daemon [_thread_in_native, id=2880, stack(0x02ff0000,0x03040000)]
  0x02bf6800 JavaThread "AWT-Shutdown" [_thread_blocked, id=3252, stack(0x02fa0000,0x02ff0000)]
  0x02bf2000 JavaThread "Java2D Disposer" daemon [_thread_blocked, id=1248, stack(0x02f50000,0x02fa0000)]
  0x02baa800 JavaThread "Low Memory Detector" daemon [_thread_blocked, id=620, stack(0x02e20000,0x02e70000)]
  0x02ba2c00 JavaThread "CompilerThread0" daemon [_thread_blocked, id=3988, stack(0x02dd0000,0x02e20000)]
  0x02ba1400 JavaThread "Attach Listener" daemon [_thread_blocked, id=2832, stack(0x02d80000,0x02dd0000)]
  0x02bc0800 JavaThread "Signal Dispatcher" daemon [_thread_blocked, id=3844, stack(0x02d30000,0x02d80000)]
  0x02b60400 JavaThread "Finalizer" daemon [_thread_blocked, id=2776, stack(0x02ce0000,0x02d30000)]
  0x02b5b800 JavaThread "Reference Handler" daemon [_thread_blocked, id=4000, stack(0x02c90000,0x02ce0000)]

Other Threads:
  0x02b5a000 VMThread [stack: 0x02c40000,0x02c90000] [id=2492]
  0x02bc9800 WatcherThread [stack: 0x02e70000,0x02ec0000] [id=3984]

VM state:not at safepoint (normal execution)

VM Mutex/Monitor currently owned by a thread: None

Heap
 def new generation   total 4928K, used 2672K [0x229e0000, 0x22f30000, 0x27f30000)
  eden space 4416K,  48% used [0x229e0000, 0x22bfc2f8, 0x22e30000)
  from space 512K, 100% used [0x22eb0000, 0x22f30000, 0x22f30000)
  to   space 512K,   0% used [0x22e30000, 0x22e30000, 0x22eb0000)
 tenured generation   total 10944K, used 1119K [0x27f30000, 0x289e0000, 0x329e0000)
   the space 10944K,  10% used [0x27f30000, 0x28047d80, 0x28047e00, 0x289e0000)
 compacting perm gen  total 12288K, used 994K [0x329e0000, 0x335e0000, 0x369e0000)
   the space 12288K,   8% used [0x329e0000, 0x32ad8aa0, 0x32ad8c00, 0x335e0000)
    ro space 10240K,  54% used [0x369e0000, 0x36f5c0f0, 0x36f5c200, 0x373e0000)
    rw space 12288K,  55% used [0x373e0000, 0x37a7fb80, 0x37a7fc00, 0x37fe0000)

Dynamic libraries:
0x00400000 - 0x00424000 	C:\Program Files\Java\jdk1.6.0_21\bin\javaw.exe
0x7c920000 - 0x7c9b6000 	C:\WINDOWS\system32\ntdll.dll
0x7c800000 - 0x7c91e000 	C:\WINDOWS\system32\kernel32.dll
0x77da0000 - 0x77e49000 	C:\WINDOWS\system32\ADVAPI32.dll
0x77e50000 - 0x77ee3000 	C:\WINDOWS\system32\RPCRT4.dll
0x77fc0000 - 0x77fd1000 	C:\WINDOWS\system32\Secur32.dll
0x77d10000 - 0x77da0000 	C:\WINDOWS\system32\USER32.dll
0x77ef0000 - 0x77f39000 	C:\WINDOWS\system32\GDI32.dll
0x76300000 - 0x7631d000 	C:\WINDOWS\system32\IMM32.DLL
0x62c20000 - 0x62c29000 	C:\WINDOWS\system32\LPK.DLL
0x73fa0000 - 0x7400b000 	C:\WINDOWS\system32\USP10.dll
0x7c340000 - 0x7c396000 	C:\Program Files\Java\jdk1.6.0_21\jre\bin\msvcr71.dll
0x6d8b0000 - 0x6db57000 	C:\Program Files\Java\jdk1.6.0_21\jre\bin\client\jvm.dll
0x76b10000 - 0x76b3a000 	C:\WINDOWS\system32\WINMM.dll
0x6d860000 - 0x6d86c000 	C:\Program Files\Java\jdk1.6.0_21\jre\bin\verify.dll
0x6d3e0000 - 0x6d3ff000 	C:\Program Files\Java\jdk1.6.0_21\jre\bin\java.dll
0x6d340000 - 0x6d348000 	C:\Program Files\Java\jdk1.6.0_21\jre\bin\hpi.dll
0x76bc0000 - 0x76bcb000 	C:\WINDOWS\system32\PSAPI.DLL
0x6d8a0000 - 0x6d8af000 	C:\Program Files\Java\jdk1.6.0_21\jre\bin\zip.dll
0x6d0b0000 - 0x6d1fa000 	C:\Program Files\Java\jdk1.6.0_21\jre\bin\awt.dll
0x72f70000 - 0x72f96000 	C:\WINDOWS\system32\WINSPOOL.DRV
0x77be0000 - 0x77c38000 	C:\WINDOWS\system32\msvcrt.dll
0x76990000 - 0x76ace000 	C:\WINDOWS\system32\ole32.dll
0x77180000 - 0x77283000 	C:\WINDOWS\WinSxS\x86_Microsoft.Windows.Common-Controls_6595b64144ccf1df_6.0.2600.6028_x-ww_61e65202\COMCTL32.dll
0x77f40000 - 0x77fb6000 	C:\WINDOWS\system32\SHLWAPI.dll
0x5adc0000 - 0x5adf7000 	C:\WINDOWS\system32\uxtheme.dll
0x6d2e0000 - 0x6d334000 	C:\Program Files\Java\jdk1.6.0_21\jre\bin\fontmanager.dll
0x6d6c0000 - 0x6d6d3000 	C:\Program Files\Java\jdk1.6.0_21\jre\bin\net.dll
0x71a20000 - 0x71a37000 	C:\WINDOWS\system32\WS2_32.dll
0x71a10000 - 0x71a18000 	C:\WINDOWS\system32\WS2HELP.dll
0x6d6e0000 - 0x6d6e9000 	C:\Program Files\Java\jdk1.6.0_21\jre\bin\nio.dll
0x03040000 - 0x030b6000 	C:\Program Files\360\360Safe\safemon\safemon.dll
0x7d590000 - 0x7dd84000 	C:\WINDOWS\system32\SHELL32.dll
0x770f0000 - 0x7717b000 	C:\WINDOWS\system32\OLEAUT32.dll
0x75ff0000 - 0x76055000 	C:\WINDOWS\system32\MSVCP60.dll
0x3e410000 - 0x3e4f6000 	C:\WINDOWS\system32\WININET.dll
0x030c0000 - 0x030c9000 	C:\WINDOWS\system32\Normaliz.dll
0x43ce0000 - 0x43e13000 	C:\WINDOWS\system32\urlmon.dll
0x3eab0000 - 0x3ec9b000 	C:\WINDOWS\system32\iertutil.dll
0x77bd0000 - 0x77bd8000 	C:\WINDOWS\system32\VERSION.dll
0x74680000 - 0x746cc000 	C:\WINDOWS\system32\MSCTF.dll
0x73640000 - 0x7366e000 	C:\WINDOWS\system32\msctfime.ime
0x10000000 - 0x102f7000 	C:\WINDOWS\system32\QQPINYIN.IME
0x76f20000 - 0x76f28000 	C:\WINDOWS\system32\WTSAPI32.dll
0x762d0000 - 0x762e0000 	C:\WINDOWS\system32\WINSTA.dll
0x5fdd0000 - 0x5fe25000 	C:\WINDOWS\system32\NETAPI32.dll
0x762f0000 - 0x762f5000 	C:\WINDOWS\system32\MSIMG32.dll
0x6d5d0000 - 0x6d5f4000 	C:\Program Files\Java\jdk1.6.0_21\jre\bin\jsound.dll
0x6d600000 - 0x6d608000 	C:\Program Files\Java\jdk1.6.0_21\jre\bin\jsoundds.dll
0x73e70000 - 0x73ecc000 	C:\WINDOWS\system32\DSOUND.dll
0x76c00000 - 0x76c2e000 	C:\WINDOWS\system32\WINTRUST.dll
0x765e0000 - 0x76673000 	C:\WINDOWS\system32\CRYPT32.dll
0x76db0000 - 0x76dc2000 	C:\WINDOWS\system32\MSASN1.dll
0x76c60000 - 0x76c88000 	C:\WINDOWS\system32\IMAGEHLP.dll
0x72c90000 - 0x72c99000 	C:\WINDOWS\system32\wdmaud.drv
0x72c80000 - 0x72c88000 	C:\WINDOWS\system32\msacm32.drv
0x77bb0000 - 0x77bc5000 	C:\WINDOWS\system32\MSACM32.dll
0x77ba0000 - 0x77ba7000 	C:\WINDOWS\system32\midimap.dll

VM Arguments:
jvm_args: -Dfile.encoding=GBK 
java_command: Tuixiangzi
Launcher Type: SUN_STANDARD

Environment Variables:
JAVA_HOME=C:\Program Files\Java\jdk1.6.0_21\bin
JRE_HOME=C:\Program Files\Java\jre6
CLASSPATH=C:\Program Files\Java\jdk1.6.0_21\bin\lib;C:\Program Files\Java\jdk1.6.0_21\bin\lib\tools.jar;C:\Program Files\Java\jdk1.6.0_21\bin\lib\dt.jar
PATH=C:/Program Files/Java/jre6/bin/client;C:/Program Files/Java/jre6/bin;C:/Program Files/Java/jre6/lib/i386;E:\oracle\product\10.2.0\client_1\bin;C:\WINDOWS\system32;C:\WINDOWS;C:\WINDOWS\System32\Wbem;JAVA_JRE_HOME;E:\apache-ant-1.7.1\bin:E:\android-sdk-windows\tools;C:\Program Files\Java\jdk1.6.0_21\bin;C:\Program Files\SSH Communications Security\SSH Secure Shell;D:\eclipse;
USERNAME=Administrator
OS=Windows_NT
PROCESSOR_IDENTIFIER=x86 Family 6 Model 13 Stepping 8, GenuineIntel



---------------  S Y S T E M  ---------------

OS: Windows XP Build 2600 Service Pack 3

CPU:total 1 (1 cores per cpu, 1 threads per core) family 6 model 13 stepping 8, cmov, cx8, fxsr, mmx, sse, sse2

Memory: 4k page, physical 1178008k(219996k free), swap 2824596k(1572372k free)

vm_info: Java HotSpot(TM) Client VM (17.0-b17) for windows-x86 JRE (1.6.0_21-b07), built on Jul 17 2010 01:10:15 by "java_re" with MS VC++ 7.1 (VS2003)

time: Fri Mar 23 17:03:45 2012
elapsed time: 12 seconds

